TN:
SF:config.js
FN:13,getDatabaseUri
FNF:1
FNH:1
FNDA:2,getDatabaseUri
DA:5,1
DA:6,1
DA:8,1
DA:10,1
DA:14,2
DA:24,1
DA:26,1
DA:27,1
DA:28,1
DA:29,1
DA:30,1
DA:31,1
DA:33,1
LF:13
LH:13
BRDA:8,0,0,1
BRDA:8,0,1,1
BRDA:10,1,0,1
BRDA:10,1,1,1
BRDA:14,2,0,2
BRDA:14,2,1,0
BRDA:24,3,0,1
BRDA:24,3,1,0
BRF:8
BRH:6
end_of_record
TN:
SF:db.js
FNF:0
FNH:0
DA:3,1
DA:4,1
DA:8,1
DA:9,0
DA:16,1
DA:21,1
DA:23,1
LF:7
LH:6
BRDA:8,0,0,0
BRDA:8,0,1,1
BRF:2
BRH:1
end_of_record
TN:
SF:expressError.js
FN:8,(anonymous_0)
FN:18,(anonymous_1)
FN:26,(anonymous_2)
FN:34,(anonymous_3)
FN:42,(anonymous_4)
FNF:5
FNH:0
FNDA:0,(anonymous_0)
FNDA:0,(anonymous_1)
FNDA:0,(anonymous_2)
FNDA:0,(anonymous_3)
FNDA:0,(anonymous_4)
DA:9,0
DA:10,0
DA:11,0
DA:19,0
DA:27,0
DA:35,0
DA:43,0
DA:47,1
LF:8
LH:1
BRDA:18,0,0,0
BRDA:26,1,0,0
BRDA:34,2,0,0
BRDA:42,3,0,0
BRF:4
BRH:0
end_of_record
TN:
SF:helpers\sql.js
FN:24,sqlForPartialUpdate
FN:29,(anonymous_1)
FNF:2
FNH:0
FNDA:0,sqlForPartialUpdate
FNDA:0,(anonymous_1)
DA:1,1
DA:25,0
DA:26,0
DA:29,0
DA:30,0
DA:33,0
DA:39,1
LF:7
LH:2
BRDA:26,0,0,0
BRDA:26,0,1,0
BRDA:30,1,0,0
BRDA:30,1,1,0
BRF:4
BRH:0
end_of_record
TN:
SF:models\_testCommon.js
FN:8,commonBeforeAll
FN:27,(anonymous_1)
FN:49,commonBeforeEach
FN:53,commonAfterEach
FN:57,commonAfterAll
FNF:5
FNH:3
FNDA:1,commonBeforeAll
FNDA:0,(anonymous_1)
FNDA:0,commonBeforeEach
FNDA:18,commonAfterEach
FNDA:1,commonAfterAll
DA:1,1
DA:3,1
DA:4,1
DA:6,1
DA:10,1
DA:12,0
DA:14,0
DA:20,0
DA:27,0
DA:29,0
DA:43,0
DA:50,0
DA:54,18
DA:58,1
DA:62,1
LF:15
LH:8
BRF:0
BRH:0
end_of_record
TN:
SF:models\user.js
FN:24,(anonymous_0)
FN:59,(anonymous_1)
FN:104,(anonymous_2)
FN:126,(anonymous_3)
FN:162,(anonymous_4)
FN:195,(anonymous_5)
FNF:6
FNH:0
FNDA:0,(anonymous_0)
FNDA:0,(anonymous_1)
FNDA:0,(anonymous_2)
FNDA:0,(anonymous_3)
FNDA:0,(anonymous_4)
FNDA:0,(anonymous_5)
DA:3,1
DA:4,1
DA:5,1
DA:10,1
DA:12,1
DA:26,0
DA:38,0
DA:40,0
DA:42,0
DA:43,0
DA:44,0
DA:45,0
DA:49,0
DA:61,0
DA:68,0
DA:69,0
DA:72,0
DA:74,0
DA:94,0
DA:96,0
DA:105,0
DA:115,0
DA:127,0
DA:138,0
DA:140,0
DA:142,0
DA:163,0
DA:164,0
DA:167,0
DA:174,0
DA:176,0
DA:184,0
DA:185,0
DA:187,0
DA:189,0
DA:190,0
DA:196,0
DA:203,0
DA:205,0
DA:210,1
LF:40
LH:6
BRDA:40,0,0,0
BRDA:40,0,1,0
BRDA:43,1,0,0
BRDA:43,1,1,0
BRDA:68,2,0,0
BRDA:68,2,1,0
BRDA:140,3,0,0
BRDA:140,3,1,0
BRDA:163,4,0,0
BRDA:163,4,1,0
BRDA:187,5,0,0
BRDA:187,5,1,0
BRDA:205,6,0,0
BRDA:205,6,1,0
BRF:14
BRH:0
end_of_record
